# JRE version: OpenJDK Runtime Environment Temurin-21.0.6+7 (21.0.6+7) (build 21.0.6+7-LTS)
# Java VM: OpenJDK 64-Bit Server VM Temurin-21.0.6+7 (21.0.6+7-LTS, mixed mode, sharing, tiered, compressed oops, compressed class ptrs, parallel gc, windows-amd64)
GC Precious Log:
 CardTable entry size: 512
 CPUs: 4 total, 4 available
 Memory: 8047M
 Large Page Support: Disabled
 NUMA Support: Disabled
 Compressed Oops: Enabled (32-bit)
 Alignments: Space 512K, Generation 512K, Heap 2M
 Heap Min Capacity: 100M
 Heap Initial Capacity: 100M
 Heap Max Capacity: 1G
 Pre-touch: Disabled
 Parallel Workers: 4
Heap:
 PSYoungGen      total 5632K, used 5391K [0x00000000eab00000, 0x00000000eb200000, 0x0000000100000000)
  eden space 4096K, 100% used [0x00000000eab00000,0x00000000eaf00000,0x00000000eaf00000)
  from space 1536K, 84% used [0x00000000eaf00000,0x00000000eb043e60,0x00000000eb080000)
  to   space 1536K, 30% used [0x00000000eb080000,0x00000000eb0f5148,0x00000000eb200000)
 ParOldGen       total 165376K, used 165017K [0x00000000c0000000, 0x00000000ca180000, 0x00000000eab00000)
  object space 165376K, 99% used [0x00000000c0000000,0x00000000ca1266e0,0x00000000ca180000)
 Metaspace       used 64177K, committed 65600K, reserved 1114112K
  class space    used 6350K, committed 6976K, reserved 1048576K
GC Heap History (20 events):
Event: 30.816 GC heap after
{Heap after GC invocations=266 (full 3):
 PSYoungGen      total 6144K, used 1515K [0x00000000eab00000, 0x00000000eb580000, 0x0000000100000000)
  eden space 4608K, 0% used [0x00000000eab00000,0x00000000eab00000,0x00000000eaf80000)
  from space 1536K, 98% used [0x00000000eaf80000,0x00000000eb0fad68,0x00000000eb100000)
  to   space 3072K, 0% used [0x00000000eb280000,0x00000000eb280000,0x00000000eb580000)
 ParOldGen       total 156672K, used 156382K [0x00000000c0000000, 0x00000000c9900000, 0x00000000eab00000)
  object space 156672K, 99% used [0x00000000c0000000,0x00000000c98b7a10,0x00000000c9900000)
 Metaspace       used 63907K, committed 65280K, reserved 1114112K
  class space    used 6334K, committed 6912K, reserved 1048576K
}
Event: 30.918 GC heap before
{Heap before GC invocations=267 (full 3):
 PSYoungGen      total 6144K, used 6123K [0x00000000eab00000, 0x00000000eb580000, 0x0000000100000000)
  eden space 4608K, 100% used [0x00000000eab00000,0x00000000eaf80000,0x00000000eaf80000)
  from space 1536K, 98% used [0x00000000eaf80000,0x00000000eb0fad68,0x00000000eb100000)
  to   space 3072K, 0% used [0x00000000eb280000,0x00000000eb280000,0x00000000eb580000)
 ParOldGen       total 156672K, used 156382K [0x00000000c0000000, 0x00000000c9900000, 0x00000000eab00000)
  object space 156672K, 99% used [0x00000000c0000000,0x00000000c98b7a10,0x00000000c9900000)
 Metaspace       used 63962K, committed 65344K, reserved 1114112K
  class space    used 6334K, committed 6912K, reserved 1048576K
}
Event: 30.921 GC heap after
{Heap after GC invocations=267 (full 3):
 PSYoungGen      total 6144K, used 1086K [0x00000000eab00000, 0x00000000eb400000, 0x0000000100000000)
  eden space 4608K, 0% used [0x00000000eab00000,0x00000000eab00000,0x00000000eaf80000)
  from space 1536K, 70% used [0x00000000eb280000,0x00000000eb38fb10,0x00000000eb400000)
  to   space 2048K, 0% used [0x00000000eb000000,0x00000000eb000000,0x00000000eb200000)
 ParOldGen       total 158208K, used 157880K [0x00000000c0000000, 0x00000000c9a80000, 0x00000000eab00000)
  object space 158208K, 99% used [0x00000000c0000000,0x00000000c9a2e3e0,0x00000000c9a80000)
 Metaspace       used 63962K, committed 65344K, reserved 1114112K
  class space    used 6334K, committed 6912K, reserved 1048576K
}
Event: 30.965 GC heap before
{Heap before GC invocations=268 (full 3):
 PSYoungGen      total 6144K, used 5694K [0x00000000eab00000, 0x00000000eb400000, 0x0000000100000000)
  eden space 4608K, 100% used [0x00000000eab00000,0x00000000eaf80000,0x00000000eaf80000)
  from space 1536K, 70% used [0x00000000eb280000,0x00000000eb38fb10,0x00000000eb400000)
  to   space 2048K, 0% used [0x00000000eb000000,0x00000000eb000000,0x00000000eb200000)
 ParOldGen       total 158208K, used 157880K [0x00000000c0000000, 0x00000000c9a80000, 0x00000000eab00000)
  object space 158208K, 99% used [0x00000000c0000000,0x00000000c9a2e3e0,0x00000000c9a80000)
 Metaspace       used 63979K, committed 65344K, reserved 1114112K
  class space    used 6335K, committed 6912K, reserved 1048576K
}
Event: 30.968 GC heap after
{Heap after GC invocations=268 (full 3):
 PSYoungGen      total 6144K, used 1124K [0x00000000eab00000, 0x00000000eb300000, 0x0000000100000000)
  eden space 4608K, 0% used [0x00000000eab00000,0x00000000eab00000,0x00000000eaf80000)
  from space 1536K, 73% used [0x00000000eb000000,0x00000000eb119230,0x00000000eb180000)
  to   space 1536K, 0% used [0x00000000eb180000,0x00000000eb180000,0x00000000eb300000)
 ParOldGen       total 158720K, used 158298K [0x00000000c0000000, 0x00000000c9b00000, 0x00000000eab00000)
  object space 158720K, 99% used [0x00000000c0000000,0x00000000c9a96ba8,0x00000000c9b00000)
 Metaspace       used 63979K, committed 65344K, reserved 1114112K
  class space    used 6335K, committed 6912K, reserved 1048576K
}
Event: 31.040 GC heap before
{Heap before GC invocations=269 (full 3):
 PSYoungGen      total 6144K, used 5732K [0x00000000eab00000, 0x00000000eb300000, 0x0000000100000000)
  eden space 4608K, 99% used [0x00000000eab00000,0x00000000eaf7fff0,0x00000000eaf80000)
  from space 1536K, 73% used [0x00000000eb000000,0x00000000eb119230,0x00000000eb180000)
  to   space 1536K, 0% used [0x00000000eb180000,0x00000000eb180000,0x00000000eb300000)
 ParOldGen       total 158720K, used 158298K [0x00000000c0000000, 0x00000000c9b00000, 0x00000000eab00000)
  object space 158720K, 99% used [0x00000000c0000000,0x00000000c9a96ba8,0x00000000c9b00000)
 Metaspace       used 64014K, committed 65408K, reserved 1114112K
  class space    used 6335K, committed 6912K, reserved 1048576K
}
Event: 31.043 GC heap after
{Heap after GC invocations=269 (full 3):
 PSYoungGen      total 6144K, used 1351K [0x00000000eab00000, 0x00000000eb300000, 0x0000000100000000)
  eden space 4608K, 0% used [0x00000000eab00000,0x00000000eab00000,0x00000000eaf80000)
  from space 1536K, 88% used [0x00000000eb180000,0x00000000eb2d1fa0,0x00000000eb300000)
  to   space 1536K, 0% used [0x00000000eb000000,0x00000000eb000000,0x00000000eb180000)
 ParOldGen       total 159744K, used 159340K [0x00000000c0000000, 0x00000000c9c00000, 0x00000000eab00000)
  object space 159744K, 99% used [0x00000000c0000000,0x00000000c9b9b020,0x00000000c9c00000)
 Metaspace       used 64014K, committed 65408K, reserved 1114112K
  class space    used 6335K, committed 6912K, reserved 1048576K
}
Event: 31.114 GC heap before
{Heap before GC invocations=270 (full 3):
 PSYoungGen      total 6144K, used 5959K [0x00000000eab00000, 0x00000000eb300000, 0x0000000100000000)
  eden space 4608K, 100% used [0x00000000eab00000,0x00000000eaf80000,0x00000000eaf80000)
  from space 1536K, 88% used [0x00000000eb180000,0x00000000eb2d1fa0,0x00000000eb300000)
  to   space 1536K, 0% used [0x00000000eb000000,0x00000000eb000000,0x00000000eb180000)
 ParOldGen       total 159744K, used 159340K [0x00000000c0000000, 0x00000000c9c00000, 0x00000000eab00000)
  object space 159744K, 99% used [0x00000000c0000000,0x00000000c9b9b020,0x00000000c9c00000)
 Metaspace       used 64059K, committed 65472K, reserved 1114112K
  class space    used 6341K, committed 6976K, reserved 1048576K
}
Event: 31.119 GC heap after
{Heap after GC invocations=270 (full 3):
 PSYoungGen      total 6144K, used 1067K [0x00000000eab00000, 0x00000000eb280000, 0x0000000100000000)
  eden space 4608K, 0% used [0x00000000eab00000,0x00000000eab00000,0x00000000eaf80000)
  from space 1536K, 69% used [0x00000000eb000000,0x00000000eb10ae38,0x00000000eb180000)
  to   space 1024K, 0% used [0x00000000eb180000,0x00000000eb180000,0x00000000eb280000)
 ParOldGen       total 160768K, used 160577K [0x00000000c0000000, 0x00000000c9d00000, 0x00000000eab00000)
  object space 160768K, 99% used [0x00000000c0000000,0x00000000c9cd0740,0x00000000c9d00000)
 Metaspace       used 64059K, committed 65472K, reserved 1114112K
  class space    used 6341K, committed 6976K, reserved 1048576K
}
Event: 31.152 GC heap before
{Heap before GC invocations=271 (full 3):
 PSYoungGen      total 6144K, used 5675K [0x00000000eab00000, 0x00000000eb280000, 0x0000000100000000)
  eden space 4608K, 100% used [0x00000000eab00000,0x00000000eaf80000,0x00000000eaf80000)
  from space 1536K, 69% used [0x00000000eb000000,0x00000000eb10ae38,0x00000000eb180000)
  to   space 1024K, 0% used [0x00000000eb180000,0x00000000eb180000,0x00000000eb280000)
 ParOldGen       total 160768K, used 160577K [0x00000000c0000000, 0x00000000c9d00000, 0x00000000eab00000)
  object space 160768K, 99% used [0x00000000c0000000,0x00000000c9cd0740,0x00000000c9d00000)
 Metaspace       used 64062K, committed 65472K, reserved 1114112K
  class space    used 6341K, committed 6976K, reserved 1048576K
}
Event: 31.154 GC heap after
{Heap after GC invocations=271 (full 3):
 PSYoungGen      total 5120K, used 995K [0x00000000eab00000, 0x00000000eb480000, 0x0000000100000000)
  eden space 4096K, 0% used [0x00000000eab00000,0x00000000eab00000,0x00000000eaf00000)
  from space 1024K, 97% used [0x00000000eb180000,0x00000000eb278c60,0x00000000eb280000)
  to   space 2560K, 0% used [0x00000000eaf00000,0x00000000eaf00000,0x00000000eb180000)
 ParOldGen       total 161792K, used 161586K [0x00000000c0000000, 0x00000000c9e00000, 0x00000000eab00000)
  object space 161792K, 99% used [0x00000000c0000000,0x00000000c9dcca50,0x00000000c9e00000)
 Metaspace       used 64062K, committed 65472K, reserved 1114112K
  class space    used 6341K, committed 6976K, reserved 1048576K
}
Event: 31.194 GC heap before
{Heap before GC invocations=272 (full 3):
 PSYoungGen      total 5120K, used 5087K [0x00000000eab00000, 0x00000000eb480000, 0x0000000100000000)
  eden space 4096K, 99% used [0x00000000eab00000,0x00000000eaeff248,0x00000000eaf00000)
  from space 1024K, 97% used [0x00000000eb180000,0x00000000eb278c60,0x00000000eb280000)
  to   space 2560K, 0% used [0x00000000eaf00000,0x00000000eaf00000,0x00000000eb180000)
 ParOldGen       total 161792K, used 161586K [0x00000000c0000000, 0x00000000c9e00000, 0x00000000eab00000)
  object space 161792K, 99% used [0x00000000c0000000,0x00000000c9dcca50,0x00000000c9e00000)
 Metaspace       used 64064K, committed 65472K, reserved 1114112K
  class space    used 6341K, committed 6976K, reserved 1048576K
}
Event: 31.197 GC heap after
{Heap after GC invocations=272 (full 3):
 PSYoungGen      total 5120K, used 732K [0x00000000eab00000, 0x00000000eb200000, 0x0000000100000000)
  eden space 4096K, 0% used [0x00000000eab00000,0x00000000eab00000,0x00000000eaf00000)
  from space 1024K, 71% used [0x00000000eaf00000,0x00000000eafb7398,0x00000000eb000000)
  to   space 1536K, 0% used [0x00000000eb080000,0x00000000eb080000,0x00000000eb200000)
 ParOldGen       total 162816K, used 162518K [0x00000000c0000000, 0x00000000c9f00000, 0x00000000eab00000)
  object space 162816K, 99% used [0x00000000c0000000,0x00000000c9eb5898,0x00000000c9f00000)
 Metaspace       used 64064K, committed 65472K, reserved 1114112K
  class space    used 6341K, committed 6976K, reserved 1048576K
}
Event: 31.232 GC heap before
{Heap before GC invocations=273 (full 3):
 PSYoungGen      total 5120K, used 4828K [0x00000000eab00000, 0x00000000eb200000, 0x0000000100000000)
  eden space 4096K, 100% used [0x00000000eab00000,0x00000000eaf00000,0x00000000eaf00000)
  from space 1024K, 71% used [0x00000000eaf00000,0x00000000eafb7398,0x00000000eb000000)
  to   space 1536K, 0% used [0x00000000eb080000,0x00000000eb080000,0x00000000eb200000)
 ParOldGen       total 162816K, used 162518K [0x00000000c0000000, 0x00000000c9f00000, 0x00000000eab00000)
  object space 162816K, 99% used [0x00000000c0000000,0x00000000c9eb5898,0x00000000c9f00000)
 Metaspace       used 64070K, committed 65472K, reserved 1114112K
  class space    used 6342K, committed 6976K, reserved 1048576K
}
Event: 31.235 GC heap after
{Heap after GC invocations=273 (full 3):
 PSYoungGen      total 5632K, used 999K [0x00000000eab00000, 0x00000000eb200000, 0x0000000100000000)
  eden space 4096K, 0% used [0x00000000eab00000,0x00000000eab00000,0x00000000eaf00000)
  from space 1536K, 65% used [0x00000000eb080000,0x00000000eb179ea8,0x00000000eb200000)
  to   space 1536K, 0% used [0x00000000eaf00000,0x00000000eaf00000,0x00000000eb080000)
 ParOldGen       total 163328K, used 163129K [0x00000000c0000000, 0x00000000c9f80000, 0x00000000eab00000)
  object space 163328K, 99% used [0x00000000c0000000,0x00000000c9f4e680,0x00000000c9f80000)
 Metaspace       used 64070K, committed 65472K, reserved 1114112K
  class space    used 6342K, committed 6976K, reserved 1048576K
}
Event: 31.270 GC heap before
{Heap before GC invocations=274 (full 3):
 PSYoungGen      total 5632K, used 5089K [0x00000000eab00000, 0x00000000eb200000, 0x0000000100000000)
  eden space 4096K, 99% used [0x00000000eab00000,0x00000000eaefe6d8,0x00000000eaf00000)
  from space 1536K, 65% used [0x00000000eb080000,0x00000000eb179ea8,0x00000000eb200000)
  to   space 1536K, 0% used [0x00000000eaf00000,0x00000000eaf00000,0x00000000eb080000)
 ParOldGen       total 163328K, used 163129K [0x00000000c0000000, 0x00000000c9f80000, 0x00000000eab00000)
  object space 163328K, 99% used [0x00000000c0000000,0x00000000c9f4e680,0x00000000c9f80000)
 Metaspace       used 64072K, committed 65472K, reserved 1114112K
  class space    used 6342K, committed 6976K, reserved 1048576K
}
Event: 31.272 GC heap after
{Heap after GC invocations=274 (full 3):
 PSYoungGen      total 5632K, used 1295K [0x00000000eab00000, 0x00000000eb200000, 0x0000000100000000)
  eden space 4096K, 0% used [0x00000000eab00000,0x00000000eab00000,0x00000000eaf00000)
  from space 1536K, 84% used [0x00000000eaf00000,0x00000000eb043e60,0x00000000eb080000)
  to   space 1536K, 0% used [0x00000000eb080000,0x00000000eb080000,0x00000000eb200000)
 ParOldGen       total 164352K, used 164084K [0x00000000c0000000, 0x00000000ca080000, 0x00000000eab00000)
  object space 164352K, 99% used [0x00000000c0000000,0x00000000ca03d090,0x00000000ca080000)
 Metaspace       used 64072K, committed 65472K, reserved 1114112K
  class space    used 6342K, committed 6976K, reserved 1048576K
}
Event: 31.315 GC heap before
{Heap before GC invocations=275 (full 3):
 PSYoungGen      total 5632K, used 5391K [0x00000000eab00000, 0x00000000eb200000, 0x0000000100000000)
  eden space 4096K, 100% used [0x00000000eab00000,0x00000000eaf00000,0x00000000eaf00000)
  from space 1536K, 84% used [0x00000000eaf00000,0x00000000eb043e60,0x00000000eb080000)
  to   space 1536K, 0% used [0x00000000eb080000,0x00000000eb080000,0x00000000eb200000)
 ParOldGen       total 164352K, used 164084K [0x00000000c0000000, 0x00000000ca080000, 0x00000000eab00000)
  object space 164352K, 99% used [0x00000000c0000000,0x00000000ca03d090,0x00000000ca080000)
 Metaspace       used 64177K, committed 65600K, reserved 1114112K
  class space    used 6350K, committed 6976K, reserved 1048576K
}
Event: 31.319 GC heap after
{Heap after GC invocations=275 (full 3):
 PSYoungGen      total 5632K, used 5391K [0x00000000eab00000, 0x00000000eb200000, 0x0000000100000000)
  eden space 4096K, 100% used [0x00000000eab00000,0x00000000eaf00000,0x00000000eaf00000)
  from space 1536K, 84% used [0x00000000eaf00000,0x00000000eb043e60,0x00000000eb080000)
  to   space 1536K, 30% used [0x00000000eb080000,0x00000000eb0f5148,0x00000000eb200000)
 ParOldGen       total 165376K, used 165017K [0x00000000c0000000, 0x00000000ca180000, 0x00000000eab00000)
  object space 165376K, 99% used [0x00000000c0000000,0x00000000ca1266e0,0x00000000ca180000)
 Metaspace       used 64177K, committed 65600K, reserved 1114112K
  class space    used 6350K, committed 6976K, reserved 1048576K
}
Event: 31.319 GC heap before
{Heap before GC invocations=276 (full 4):
 PSYoungGen      total 5632K, used 5391K [0x00000000eab00000, 0x00000000eb200000, 0x0000000100000000)
  eden space 4096K, 100% used [0x00000000eab00000,0x00000000eaf00000,0x00000000eaf00000)
  from space 1536K, 84% used [0x00000000eaf00000,0x00000000eb043e60,0x00000000eb080000)
  to   space 1536K, 30% used [0x00000000eb080000,0x00000000eb0f5148,0x00000000eb200000)
 ParOldGen       total 165376K, used 165017K [0x00000000c0000000, 0x00000000ca180000, 0x00000000eab00000)
  object space 165376K, 99% used [0x00000000c0000000,0x00000000ca1266e0,0x00000000ca180000)
 Metaspace       used 64177K, committed 65600K, reserved 1114112K
  class space    used 6350K, committed 6976K, reserved 1048576K
}

